Compilation failed:
    source file: 'C:/Users/parsa/Desktop/fun/OnlineCam/node_modules/opencv-build/opencv/opencv/cmake/checks/cpu_avx512.cpp'
    check option: '    '
===== BUILD LOG =====
Change Dir: C:/Users/parsa/Desktop/fun/OnlineCam/node_modules/opencv-build/opencv/build/CMakeFiles/CMakeTmp

Run Build Command(s):C:/Program Files (x86)/Microsoft Visual Studio/2017/Community/MSBuild/15.0/Bin/MSBuild.exe cmTC_8e67f.vcxproj /p:Configuration=Release /p:Platform=x64 /p:VisualStudioVersion=15.0 /v:m 
Microsoft (R) Build Engine version 15.9.21+g9802d43bc3 for .NET Framework
Copyright (C) Microsoft Corporation. All rights reserved.

  Microsoft (R) C/C++ Optimizing Compiler Version 19.16.27032.1 for x64
  Copyright (C) Microsoft Corporation.  All rights reserved.
  
  cpu_avx512.cpp
  cl /c /W3 /WX- /diagnostics:classic /O2 /Ob2 /D WIN32 /D _WINDOWS /D NDEBUG /D "CMAKE_INTDIR=\"Release\"" /D _MBCS /Gm- /EHsc /MD /GS /fp:precise /Zc:wchar_t /Zc:forScope /Zc:inline /GR /Fo"cmTC_8e67f.dir\Release\\" /Fd"cmTC_8e67f.dir\Release\vc141.pdb" /Gd /TP /errorReport:queue "C:\Users\parsa\Desktop\fun\OnlineCam\node_modules\opencv-build\opencv\opencv\cmake\checks\cpu_avx512.cpp"
  
C:\Users\parsa\Desktop\fun\OnlineCam\node_modules\opencv-build\opencv\opencv\cmake\checks\cpu_avx512.cpp(11): fatal error C1189: #error:  "AVX512 is not supported" [C:\Users\parsa\Desktop\fun\OnlineCam\node_modules\opencv-build\opencv\build\CMakeFiles\CMakeTmp\cmTC_8e67f.vcxproj]

===== END =====

Compilation failed:
    source file: 'C:/Users/parsa/Desktop/fun/OnlineCam/node_modules/opencv-build/opencv/opencv/cmake/checks/cpu_avx512skx.cpp'
    check option: '    '
===== BUILD LOG =====
Change Dir: C:/Users/parsa/Desktop/fun/OnlineCam/node_modules/opencv-build/opencv/build/CMakeFiles/CMakeTmp

Run Build Command(s):C:/Program Files (x86)/Microsoft Visual Studio/2017/Community/MSBuild/15.0/Bin/MSBuild.exe cmTC_e04eb.vcxproj /p:Configuration=Release /p:Platform=x64 /p:VisualStudioVersion=15.0 /v:m 
Microsoft (R) Build Engine version 15.9.21+g9802d43bc3 for .NET Framework
Copyright (C) Microsoft Corporation. All rights reserved.

  Microsoft (R) C/C++ Optimizing Compiler Version 19.16.27032.1 for x64
  Copyright (C) Microsoft Corporation.  All rights reserved.
  
  cpu_avx512skx.cpp
  cl /c /W3 /WX- /diagnostics:classic /O2 /Ob2 /D WIN32 /D _WINDOWS /D NDEBUG /D "CMAKE_INTDIR=\"Release\"" /D _MBCS /Gm- /EHsc /MD /GS /fp:precise /Zc:wchar_t /Zc:forScope /Zc:inline /GR /Fo"cmTC_e04eb.dir\Release\\" /Fd"cmTC_e04eb.dir\Release\vc141.pdb" /Gd /TP /errorReport:queue "C:\Users\parsa\Desktop\fun\OnlineCam\node_modules\opencv-build\opencv\opencv\cmake\checks\cpu_avx512skx.cpp"
  
C:\Users\parsa\Desktop\fun\OnlineCam\node_modules\opencv-build\opencv\opencv\cmake\checks\cpu_avx512skx.cpp(15): fatal error C1189: #error:  "AVX512-SKX is not supported" [C:\Users\parsa\Desktop\fun\OnlineCam\node_modules\opencv-build\opencv\build\CMakeFiles\CMakeTmp\cmTC_e04eb.vcxproj]

===== END =====

Determining if the function fseeko exists failed with the following output:
Change Dir: C:/Users/parsa/Desktop/fun/OnlineCam/node_modules/opencv-build/opencv/build/CMakeFiles/CMakeTmp

Run Build Command(s):C:/Program Files (x86)/Microsoft Visual Studio/2017/Community/MSBuild/15.0/Bin/MSBuild.exe cmTC_1f273.vcxproj /p:Configuration=Release /p:Platform=x64 /p:VisualStudioVersion=15.0 /v:m 
Microsoft (R) Build Engine version 15.9.21+g9802d43bc3 for .NET Framework
Copyright (C) Microsoft Corporation. All rights reserved.

  Microsoft (R) C/C++ Optimizing Compiler Version 19.16.27032.1 for x64
  Copyright (C) Microsoft Corporation.  All rights reserved.
  
  CheckFunctionExists.c
  cl /c /W3 /WX- /diagnostics:classic /MP4 /O2 /Ob2 /Oi /D WIN32 /D _WINDOWS /D _CRT_SECURE_NO_DEPRECATE /D _CRT_NONSTDC_NO_DEPRECATE /D _SCL_SECURE_NO_WARNINGS /D CHECK_FUNCTION_EXISTS=fseeko /D NDEBUG /D "CMAKE_INTDIR=\"Release\"" /D _MBCS /Gm- /MD /GS /Gy /fp:precise /Zc:wchar_t /Zc:forScope /Zc:inline /Fo"cmTC_1f273.dir\Release\\" /Fd"cmTC_1f273.dir\Release\vc141.pdb" /Gd /TC /errorReport:queue  /bigobj "C:\Python27\Lib\site-packages\cmake\data\share\cmake-3.14\Modules\CheckFunctionExists.c"
  
CheckFunctionExists.obj : error LNK2019: unresolved external symbol fseeko referenced in function main [C:\Users\parsa\Desktop\fun\OnlineCam\node_modules\opencv-build\opencv\build\CMakeFiles\CMakeTmp\cmTC_1f273.vcxproj]
C:\Users\parsa\Desktop\fun\OnlineCam\node_modules\opencv-build\opencv\build\CMakeFiles\CMakeTmp\Release\cmTC_1f273.exe : fatal error LNK1120: 1 unresolved externals [C:\Users\parsa\Desktop\fun\OnlineCam\node_modules\opencv-build\opencv\build\CMakeFiles\CMakeTmp\cmTC_1f273.vcxproj]


Determining size of off64_t failed with the following output:
Change Dir: C:/Users/parsa/Desktop/fun/OnlineCam/node_modules/opencv-build/opencv/build/CMakeFiles/CMakeTmp

Run Build Command(s):C:/Program Files (x86)/Microsoft Visual Studio/2017/Community/MSBuild/15.0/Bin/MSBuild.exe cmTC_1da02.vcxproj /p:Configuration=Release /p:Platform=x64 /p:VisualStudioVersion=15.0 /v:m 
Microsoft (R) Build Engine version 15.9.21+g9802d43bc3 for .NET Framework
Copyright (C) Microsoft Corporation. All rights reserved.

  Microsoft (R) C/C++ Optimizing Compiler Version 19.16.27032.1 for x64
  Copyright (C) Microsoft Corporation.  All rights reserved.
  
  OFF64_T.c
  cl /c /W3 /WX- /diagnostics:classic /MP4 /O2 /Ob2 /Oi /D WIN32 /D _WINDOWS /D _CRT_SECURE_NO_DEPRECATE /D _CRT_NONSTDC_NO_DEPRECATE /D _SCL_SECURE_NO_WARNINGS /D NDEBUG /D "CMAKE_INTDIR=\"Release\"" /D _MBCS /Gm- /MD /GS /Gy /fp:precise /Zc:wchar_t /Zc:forScope /Zc:inline /Fo"cmTC_1da02.dir\Release\\" /Fd"cmTC_1da02.dir\Release\vc141.pdb" /Gd /TC /errorReport:queue  /bigobj "C:\Users\parsa\Desktop\fun\OnlineCam\node_modules\opencv-build\opencv\build\CMakeFiles\CheckTypeSize\OFF64_T.c"
  
C:\Users\parsa\Desktop\fun\OnlineCam\node_modules\opencv-build\opencv\build\CMakeFiles\CheckTypeSize\OFF64_T.c(25): error C2065: 'off64_t': undeclared identifier [C:\Users\parsa\Desktop\fun\OnlineCam\node_modules\opencv-build\opencv\build\CMakeFiles\CMakeTmp\cmTC_1da02.vcxproj]
C:\Users\parsa\Desktop\fun\OnlineCam\node_modules\opencv-build\opencv\build\CMakeFiles\CheckTypeSize\OFF64_T.c(26): error C2065: 'off64_t': undeclared identifier [C:\Users\parsa\Desktop\fun\OnlineCam\node_modules\opencv-build\opencv\build\CMakeFiles\CMakeTmp\cmTC_1da02.vcxproj]
C:\Users\parsa\Desktop\fun\OnlineCam\node_modules\opencv-build\opencv\build\CMakeFiles\CheckTypeSize\OFF64_T.c(27): error C2065: 'off64_t': undeclared identifier [C:\Users\parsa\Desktop\fun\OnlineCam\node_modules\opencv-build\opencv\build\CMakeFiles\CMakeTmp\cmTC_1da02.vcxproj]
C:\Users\parsa\Desktop\fun\OnlineCam\node_modules\opencv-build\opencv\build\CMakeFiles\CheckTypeSize\OFF64_T.c(28): error C2065: 'off64_t': undeclared identifier [C:\Users\parsa\Desktop\fun\OnlineCam\node_modules\opencv-build\opencv\build\CMakeFiles\CMakeTmp\cmTC_1da02.vcxproj]
C:\Users\parsa\Desktop\fun\OnlineCam\node_modules\opencv-build\opencv\build\CMakeFiles\CheckTypeSize\OFF64_T.c(29): error C2065: 'off64_t': undeclared identifier [C:\Users\parsa\Desktop\fun\OnlineCam\node_modules\opencv-build\opencv\build\CMakeFiles\CMakeTmp\cmTC_1da02.vcxproj]

C:/Users/parsa/Desktop/fun/OnlineCam/node_modules/opencv-build/opencv/build/CMakeFiles/CheckTypeSize/OFF64_T.c:
#include <sys/types.h>
#include <stdint.h>
#include <stddef.h>


#undef KEY
#if defined(__i386)
# define KEY '_','_','i','3','8','6'
#elif defined(__x86_64)
# define KEY '_','_','x','8','6','_','6','4'
#elif defined(__ppc__)
# define KEY '_','_','p','p','c','_','_'
#elif defined(__ppc64__)
# define KEY '_','_','p','p','c','6','4','_','_'
#elif defined(__aarch64__)
# define KEY '_','_','a','a','r','c','h','6','4','_','_'
#elif defined(__ARM_ARCH_7A__)
# define KEY '_','_','A','R','M','_','A','R','C','H','_','7','A','_','_'
#elif defined(__ARM_ARCH_7S__)
# define KEY '_','_','A','R','M','_','A','R','C','H','_','7','S','_','_'
#endif

#define SIZE (sizeof(off64_t))
char info_size[] =  {'I', 'N', 'F', 'O', ':', 's','i','z','e','[',
  ('0' + ((SIZE / 10000)%10)),
  ('0' + ((SIZE / 1000)%10)),
  ('0' + ((SIZE / 100)%10)),
  ('0' + ((SIZE / 10)%10)),
  ('0' +  (SIZE    % 10)),
  ']',
#ifdef KEY
  ' ','k','e','y','[', KEY, ']',
#endif
  '\0'};

#ifdef __CLASSIC_C__
int main(argc, argv) int argc; char *argv[];
#else
int main(int argc, char *argv[])
#endif
{
  int require = 0;
  require += info_size[argc];
  (void)argv;
  return require;
}


Determining if the function memmove exists failed with the following output:
Change Dir: C:/Users/parsa/Desktop/fun/OnlineCam/node_modules/opencv-build/opencv/build/CMakeFiles/CMakeTmp

Run Build Command(s):C:/Program Files (x86)/Microsoft Visual Studio/2017/Community/MSBuild/15.0/Bin/MSBuild.exe cmTC_2eac5.vcxproj /p:Configuration=Release /p:Platform=x64 /p:VisualStudioVersion=15.0 /v:m 
Microsoft (R) Build Engine version 15.9.21+g9802d43bc3 for .NET Framework
Copyright (C) Microsoft Corporation. All rights reserved.

  Microsoft (R) C/C++ Optimizing Compiler Version 19.16.27032.1 for x64
  Copyright (C) Microsoft Corporation.  All rights reserved.
  
  CheckFunctionExists.c
  cl /c /W3 /WX- /diagnostics:classic /MP4 /O2 /Ob2 /Oi /D WIN32 /D _WINDOWS /D _CRT_SECURE_NO_DEPRECATE /D _CRT_NONSTDC_NO_DEPRECATE /D _SCL_SECURE_NO_WARNINGS /D CHECK_FUNCTION_EXISTS=memmove /D NDEBUG /D "CMAKE_INTDIR=\"Release\"" /D _MBCS /Gm- /MD /GS /Gy /fp:precise /Zc:wchar_t /Zc:forScope /Zc:inline /Fo"cmTC_2eac5.dir\Release\\" /Fd"cmTC_2eac5.dir\Release\vc141.pdb" /Gd /TC /errorReport:queue  /bigobj "C:\Python27\Lib\site-packages\cmake\data\share\cmake-3.14\Modules\CheckFunctionExists.c"
C:\Python27\Lib\site-packages\cmake\data\share\cmake-3.14\Modules\CheckFunctionExists.c(7): warning C4391: 'char memmove(void)': incorrect return type for intrinsic function, expected 'void' [C:\Users\parsa\Desktop\fun\OnlineCam\node_modules\opencv-build\opencv\build\CMakeFiles\CMakeTmp\cmTC_2eac5.vcxproj]
C:\Python27\Lib\site-packages\cmake\data\share\cmake-3.14\Modules\CheckFunctionExists.c(7): warning C4392: 'char memmove(void)': incorrect number of arguments for intrinsic function, expected '3' arguments [C:\Users\parsa\Desktop\fun\OnlineCam\node_modules\opencv-build\opencv\build\CMakeFiles\CMakeTmp\cmTC_2eac5.vcxproj]
C:\Python27\Lib\site-packages\cmake\data\share\cmake-3.14\Modules\CheckFunctionExists.c(17): error C2168: 'memmove': too few actual parameters for intrinsic function [C:\Users\parsa\Desktop\fun\OnlineCam\node_modules\opencv-build\opencv\build\CMakeFiles\CMakeTmp\cmTC_2eac5.vcxproj]
  


Determining if the function strcasecmp exists failed with the following output:
Change Dir: C:/Users/parsa/Desktop/fun/OnlineCam/node_modules/opencv-build/opencv/build/CMakeFiles/CMakeTmp

Run Build Command(s):C:/Program Files (x86)/Microsoft Visual Studio/2017/Community/MSBuild/15.0/Bin/MSBuild.exe cmTC_1dc71.vcxproj /p:Configuration=Release /p:Platform=x64 /p:VisualStudioVersion=15.0 /v:m 
Microsoft (R) Build Engine version 15.9.21+g9802d43bc3 for .NET Framework
Copyright (C) Microsoft Corporation. All rights reserved.

  Microsoft (R) C/C++ Optimizing Compiler Version 19.16.27032.1 for x64
  Copyright (C) Microsoft Corporation.  All rights reserved.
  
  CheckFunctionExists.c
  cl /c /W3 /WX- /diagnostics:classic /MP4 /O2 /Ob2 /Oi /D WIN32 /D _WINDOWS /D _CRT_SECURE_NO_DEPRECATE /D _CRT_NONSTDC_NO_DEPRECATE /D _SCL_SECURE_NO_WARNINGS /D CHECK_FUNCTION_EXISTS=strcasecmp /D NDEBUG /D "CMAKE_INTDIR=\"Release\"" /D _MBCS /Gm- /MD /GS /Gy /fp:precise /Zc:wchar_t /Zc:forScope /Zc:inline /Fo"cmTC_1dc71.dir\Release\\" /Fd"cmTC_1dc71.dir\Release\vc141.pdb" /Gd /TC /errorReport:queue  /bigobj "C:\Python27\Lib\site-packages\cmake\data\share\cmake-3.14\Modules\CheckFunctionExists.c"
  
CheckFunctionExists.obj : error LNK2019: unresolved external symbol strcasecmp referenced in function main [C:\Users\parsa\Desktop\fun\OnlineCam\node_modules\opencv-build\opencv\build\CMakeFiles\CMakeTmp\cmTC_1dc71.vcxproj]
C:\Users\parsa\Desktop\fun\OnlineCam\node_modules\opencv-build\opencv\build\CMakeFiles\CMakeTmp\Release\cmTC_1dc71.exe : fatal error LNK1120: 1 unresolved externals [C:\Users\parsa\Desktop\fun\OnlineCam\node_modules\opencv-build\opencv\build\CMakeFiles\CMakeTmp\cmTC_1dc71.vcxproj]


Determining if the function sgemm_ exists failed with the following output:
Change Dir: C:/Users/parsa/Desktop/fun/OnlineCam/node_modules/opencv-build/opencv/build/CMakeFiles/CMakeTmp

Run Build Command(s):C:/Program Files (x86)/Microsoft Visual Studio/2017/Community/MSBuild/15.0/Bin/MSBuild.exe cmTC_7aa17.vcxproj /p:Configuration=Release /p:Platform=x64 /p:VisualStudioVersion=15.0 /v:m 
Microsoft (R) Build Engine version 15.9.21+g9802d43bc3 for .NET Framework
Copyright (C) Microsoft Corporation. All rights reserved.

  Microsoft (R) C/C++ Optimizing Compiler Version 19.16.27032.1 for x64
  Copyright (C) Microsoft Corporation.  All rights reserved.
  
  CheckFunctionExists.c
  cl /c /W3 /WX- /diagnostics:classic /MP4 /O2 /Ob2 /Oi /D WIN32 /D _WINDOWS /D _CRT_SECURE_NO_DEPRECATE /D _CRT_NONSTDC_NO_DEPRECATE /D _SCL_SECURE_NO_WARNINGS /D CHECK_FUNCTION_EXISTS=sgemm_ /D NDEBUG /D "CMAKE_INTDIR=\"Release\"" /D _MBCS /Gm- /MD /GS /Gy /fp:precise /Zc:wchar_t /Zc:forScope /Zc:inline /Fo"cmTC_7aa17.dir\Release\\" /Fd"cmTC_7aa17.dir\Release\vc141.pdb" /Gd /TC /errorReport:queue  /bigobj "C:\Python27\Lib\site-packages\cmake\data\share\cmake-3.14\Modules\CheckFunctionExists.c"
  
CheckFunctionExists.obj : error LNK2019: unresolved external symbol sgemm_ referenced in function main [C:\Users\parsa\Desktop\fun\OnlineCam\node_modules\opencv-build\opencv\build\CMakeFiles\CMakeTmp\cmTC_7aa17.vcxproj]
C:\Users\parsa\Desktop\fun\OnlineCam\node_modules\opencv-build\opencv\build\CMakeFiles\CMakeTmp\Release\cmTC_7aa17.exe : fatal error LNK1120: 1 unresolved externals [C:\Users\parsa\Desktop\fun\OnlineCam\node_modules\opencv-build\opencv\build\CMakeFiles\CMakeTmp\cmTC_7aa17.vcxproj]


Determining if the include file pthread.h exists failed with the following output:
Change Dir: C:/Users/parsa/Desktop/fun/OnlineCam/node_modules/opencv-build/opencv/build/CMakeFiles/CMakeTmp

Run Build Command(s):C:/Program Files (x86)/Microsoft Visual Studio/2017/Community/MSBuild/15.0/Bin/MSBuild.exe cmTC_dcd58.vcxproj /p:Configuration=Release /p:Platform=x64 /p:VisualStudioVersion=15.0 /v:m 
Microsoft (R) Build Engine version 15.9.21+g9802d43bc3 for .NET Framework
Copyright (C) Microsoft Corporation. All rights reserved.

  Microsoft (R) C/C++ Optimizing Compiler Version 19.16.27032.1 for x64
  Copyright (C) Microsoft Corporation.  All rights reserved.
  
  CheckIncludeFile.c
  cl /c /W3 /WX- /diagnostics:classic /MP4 /O2 /Ob2 /Oi /D WIN32 /D _WINDOWS /D _CRT_SECURE_NO_DEPRECATE /D _CRT_NONSTDC_NO_DEPRECATE /D _SCL_SECURE_NO_WARNINGS /D NDEBUG /D "CMAKE_INTDIR=\"Release\"" /D _MBCS /Gm- /MD /GS /Gy /fp:precise /Zc:wchar_t /Zc:forScope /Zc:inline /Fo"cmTC_dcd58.dir\Release\\" /Fd"cmTC_dcd58.dir\Release\vc141.pdb" /Gd /TC /errorReport:queue  /bigobj "C:\Users\parsa\Desktop\fun\OnlineCam\node_modules\opencv-build\opencv\build\CMakeFiles\CMakeTmp\CheckIncludeFile.c"
  
C:\Users\parsa\Desktop\fun\OnlineCam\node_modules\opencv-build\opencv\build\CMakeFiles\CMakeTmp\CheckIncludeFile.c(1): fatal error C1083: Cannot open include file: 'pthread.h': No such file or directory [C:\Users\parsa\Desktop\fun\OnlineCam\node_modules\opencv-build\opencv\build\CMakeFiles\CMakeTmp\cmTC_dcd58.vcxproj]


